2019/10/30 06:36:51 - - - - - - - - - - - - - - -
2019/10/30 06:36:51 daemon started
2019/10/30 06:43:51 terminating...
2019/10/30 06:43:52 daemon terminated
[]
[]
2019/10/30 07:05:29 - - - - - - - - - - - - - - -
2019/10/30 07:05:29 daemon started
2019/10/30 07:07:14 configuration reloaded
2019/10/30 07:14:07 terminating...
2019/10/30 07:14:07 daemon terminated
[]
[]
2019/10/30 07:14:19 - - - - - - - - - - - - - - -
2019/10/30 07:14:19 daemon started
fatal error: unexpected signal during runtime execution
[signal SIGSEGV: segmentation violation code=0x1 addr=0xc8 pc=0x7fff71a63137]

runtime stack:
runtime.throw(0x4389aa5, 0x2a)
	/usr/local/Cellar/go/1.13.1/libexec/src/runtime/panic.go:774 +0x72
runtime.sigpanic()
	/usr/local/Cellar/go/1.13.1/libexec/src/runtime/signal_unix.go:378 +0x47c

goroutine 35 [syscall, locked to thread]:
runtime.cgocall(0x42cb0f0, 0xc00016af98, 0xc00007c401)
	/usr/local/Cellar/go/1.13.1/libexec/src/runtime/cgocall.go:128 +0x5b fp=0xc00016af68 sp=0xc00016af30 pc=0x400544b
github.com/getlantern/systray._Cfunc_nativeLoop(0x0)
	_cgo_gotypes.go:107 +0x49 fp=0xc00016af98 sp=0xc00016af68 pc=0x42c1f09
github.com/getlantern/systray.nativeLoop(...)
	/Users/fullpipe/go/pkg/mod/github.com/getlantern/systray@v0.0.0-20190727060347-6f0e5a3c556c/systray_nonwindows.go:19
github.com/getlantern/systray.Run(0x4395488, 0x4395478)
	/Users/fullpipe/go/pkg/mod/github.com/getlantern/systray@v0.0.0-20190727060347-6f0e5a3c556c/systray.go:81 +0x7f fp=0xc00016afd0 sp=0xc00016af98 pc=0x42c190f
runtime.goexit()
	/usr/local/Cellar/go/1.13.1/libexec/src/runtime/asm_amd64.s:1357 +0x1 fp=0xc00016afd8 sp=0xc00016afd0 pc=0x405ca31
created by main.main
	/Users/fullpipe/projects/github.com/fullpipe/pogo/main.go:69 +0x944

goroutine 1 [chan receive]:
github.com/sevlyar/go-daemon.ServeSignals(0xc000000010, 0x4395358)
	/Users/fullpipe/go/pkg/mod/github.com/sevlyar/go-daemon@v0.1.5/signal.go:35 +0x23c
main.main()
	/Users/fullpipe/projects/github.com/fullpipe/pogo/main.go:71 +0x949

goroutine 19 [syscall]:
os/signal.signal_recv(0x0)
	/usr/local/Cellar/go/1.13.1/libexec/src/runtime/sigqueue.go:144 +0x96
os/signal.loop()
	/usr/local/Cellar/go/1.13.1/libexec/src/os/signal/signal_unix.go:23 +0x22
created by os/signal.init.0
	/usr/local/Cellar/go/1.13.1/libexec/src/os/signal/signal_unix.go:29 +0x41

goroutine 34 [sleep]:
runtime.goparkunlock(...)
	/usr/local/Cellar/go/1.13.1/libexec/src/runtime/proc.go:310
time.Sleep(0x3b9aca00)
	/usr/local/Cellar/go/1.13.1/libexec/src/runtime/time.go:105 +0x157
main.worker()
	/Users/fullpipe/projects/github.com/fullpipe/pogo/main.go:88 +0x2a
created by main.main
	/Users/fullpipe/projects/github.com/fullpipe/pogo/main.go:68 +0x914

goroutine 20 [chan receive]:
github.com/getlantern/systray.Run.func2(0xc000098180, 0x4395488)
	/Users/fullpipe/go/pkg/mod/github.com/getlantern/systray@v0.0.0-20190727060347-6f0e5a3c556c/systray.go:66 +0x34
created by github.com/getlantern/systray.Run
	/Users/fullpipe/go/pkg/mod/github.com/getlantern/systray@v0.0.0-20190727060347-6f0e5a3c556c/systray.go:65 +0xf1
[]
[]
2019/10/30 07:15:30 - - - - - - - - - - - - - - -
2019/10/30 07:15:30 daemon started
fatal error: unexpected signal during runtime execution
[signal SIGSEGV: segmentation violation code=0x1 addr=0xc8 pc=0x7fff71a63137]

runtime stack:
runtime.throw(0x4389be5, 0x2a)
	/usr/local/Cellar/go/1.13.1/libexec/src/runtime/panic.go:774 +0x72
runtime.sigpanic()
	/usr/local/Cellar/go/1.13.1/libexec/src/runtime/signal_unix.go:378 +0x47c

goroutine 51 [syscall, locked to thread]:
runtime.cgocall(0x42cb230, 0xc000142798, 0xc00008a701)
	/usr/local/Cellar/go/1.13.1/libexec/src/runtime/cgocall.go:128 +0x5b fp=0xc000142768 sp=0xc000142730 pc=0x40056ab
github.com/getlantern/systray._Cfunc_nativeLoop(0x0)
	_cgo_gotypes.go:107 +0x49 fp=0xc000142798 sp=0xc000142768 pc=0x42c2169
github.com/getlantern/systray.nativeLoop(...)
	/Users/fullpipe/go/pkg/mod/github.com/getlantern/systray@v0.0.0-20190727060347-6f0e5a3c556c/systray_nonwindows.go:19
github.com/getlantern/systray.Run(0x43955c8, 0x43955b8)
	/Users/fullpipe/go/pkg/mod/github.com/getlantern/systray@v0.0.0-20190727060347-6f0e5a3c556c/systray.go:81 +0x7f fp=0xc0001427d0 sp=0xc000142798 pc=0x42c1b6f
runtime.goexit()
	/usr/local/Cellar/go/1.13.1/libexec/src/runtime/asm_amd64.s:1357 +0x1 fp=0xc0001427d8 sp=0xc0001427d0 pc=0x405cc91
created by main.main
	/Users/fullpipe/projects/github.com/fullpipe/pogo/main.go:69 +0x8e0

goroutine 1 [chan receive]:
github.com/sevlyar/go-daemon.ServeSignals(0xc000000010, 0x43954a0)
	/Users/fullpipe/go/pkg/mod/github.com/sevlyar/go-daemon@v0.1.5/signal.go:35 +0x23c
main.main()
	/Users/fullpipe/projects/github.com/fullpipe/pogo/main.go:71 +0x8e5

goroutine 34 [syscall]:
os/signal.signal_recv(0x0)
	/usr/local/Cellar/go/1.13.1/libexec/src/runtime/sigqueue.go:144 +0x96
os/signal.loop()
	/usr/local/Cellar/go/1.13.1/libexec/src/os/signal/signal_unix.go:23 +0x22
created by os/signal.init.0
	/usr/local/Cellar/go/1.13.1/libexec/src/os/signal/signal_unix.go:29 +0x41

goroutine 50 [sleep]:
runtime.goparkunlock(...)
	/usr/local/Cellar/go/1.13.1/libexec/src/runtime/proc.go:310
time.Sleep(0x3b9aca00)
	/usr/local/Cellar/go/1.13.1/libexec/src/runtime/time.go:105 +0x157
main.worker()
	/Users/fullpipe/projects/github.com/fullpipe/pogo/main.go:88 +0x2a
created by main.main
	/Users/fullpipe/projects/github.com/fullpipe/pogo/main.go:68 +0x8b0

goroutine 19 [chan receive]:
github.com/getlantern/systray.Run.func2(0xc000198000, 0x43955c8)
	/Users/fullpipe/go/pkg/mod/github.com/getlantern/systray@v0.0.0-20190727060347-6f0e5a3c556c/systray.go:66 +0x34
created by github.com/getlantern/systray.Run
	/Users/fullpipe/go/pkg/mod/github.com/getlantern/systray@v0.0.0-20190727060347-6f0e5a3c556c/systray.go:65 +0xf1
[]
[]
2019/10/30 07:18:27 - - - - - - - - - - - - - - -
2019/10/30 07:18:27 daemon started
fatal error: unexpected signal during runtime execution
[signal SIGSEGV: segmentation violation code=0x1 addr=0xc8 pc=0x7fff71a63137]

runtime stack:
runtime.throw(0x4389aa5, 0x2a)
	/usr/local/Cellar/go/1.13.1/libexec/src/runtime/panic.go:774 +0x72
runtime.sigpanic()
	/usr/local/Cellar/go/1.13.1/libexec/src/runtime/signal_unix.go:378 +0x47c

goroutine 36 [syscall, locked to thread]:
runtime.cgocall(0x42cb0f0, 0xc000045798, 0xc000078601)
	/usr/local/Cellar/go/1.13.1/libexec/src/runtime/cgocall.go:128 +0x5b fp=0xc000045768 sp=0xc000045730 pc=0x400544b
github.com/getlantern/systray._Cfunc_nativeLoop(0x0)
	_cgo_gotypes.go:107 +0x49 fp=0xc000045798 sp=0xc000045768 pc=0x42c1f09
github.com/getlantern/systray.nativeLoop(...)
	/Users/fullpipe/go/pkg/mod/github.com/getlantern/systray@v0.0.0-20190727060347-6f0e5a3c556c/systray_nonwindows.go:19
github.com/getlantern/systray.Run(0x4395488, 0x4395478)
	/Users/fullpipe/go/pkg/mod/github.com/getlantern/systray@v0.0.0-20190727060347-6f0e5a3c556c/systray.go:81 +0x7f fp=0xc0000457d0 sp=0xc000045798 pc=0x42c190f
runtime.goexit()
	/usr/local/Cellar/go/1.13.1/libexec/src/runtime/asm_amd64.s:1357 +0x1 fp=0xc0000457d8 sp=0xc0000457d0 pc=0x405ca31
created by main.main
	/Users/fullpipe/projects/github.com/fullpipe/pogo/main.go:69 +0x944

goroutine 1 [chan receive]:
github.com/sevlyar/go-daemon.ServeSignals(0xc000000010, 0x4395358)
	/Users/fullpipe/go/pkg/mod/github.com/sevlyar/go-daemon@v0.1.5/signal.go:35 +0x23c
main.main()
	/Users/fullpipe/projects/github.com/fullpipe/pogo/main.go:71 +0x949

goroutine 34 [syscall]:
os/signal.signal_recv(0x0)
	/usr/local/Cellar/go/1.13.1/libexec/src/runtime/sigqueue.go:144 +0x96
os/signal.loop()
	/usr/local/Cellar/go/1.13.1/libexec/src/os/signal/signal_unix.go:23 +0x22
created by os/signal.init.0
	/usr/local/Cellar/go/1.13.1/libexec/src/os/signal/signal_unix.go:29 +0x41

goroutine 35 [sleep]:
runtime.goparkunlock(...)
	/usr/local/Cellar/go/1.13.1/libexec/src/runtime/proc.go:310
time.Sleep(0x3b9aca00)
	/usr/local/Cellar/go/1.13.1/libexec/src/runtime/time.go:105 +0x157
main.worker()
	/Users/fullpipe/projects/github.com/fullpipe/pogo/main.go:88 +0x2a
created by main.main
	/Users/fullpipe/projects/github.com/fullpipe/pogo/main.go:68 +0x914

goroutine 19 [chan receive]:
github.com/getlantern/systray.Run.func2(0xc000088060, 0x4395488)
	/Users/fullpipe/go/pkg/mod/github.com/getlantern/systray@v0.0.0-20190727060347-6f0e5a3c556c/systray.go:66 +0x34
created by github.com/getlantern/systray.Run
	/Users/fullpipe/go/pkg/mod/github.com/getlantern/systray@v0.0.0-20190727060347-6f0e5a3c556c/systray.go:65 +0xf1
